# System Audit Log
# Format: [TIMESTAMP] [USER] ACTION -> TARGET
======================================================================
[2025-12-02 02:04:08] [admin] CREATE_USER -> student_id:S12345
[2025-12-02 02:04:08] [faculty_manager] UPDATE_ATTENDANCE -> room:LH-A
[2025-12-02 02:04:08] [SYSTEM] SECURITY:INTRUSION:Corridor -> Unidentified person detected
[2025-12-09 16:21:20] [SYSTEM] Participation_Confirmed -> Lecture Hall - Event Logged
[2025-12-09 16:21:29] [SYSTEM] Participation_Confirmed -> Lecture Hall - Event Logged
[2025-12-09 16:21:32] [SYSTEM] Participation_Confirmed -> Lecture Hall - Event Logged
[2025-12-09 16:21:36] [SYSTEM] Participation_Confirmed -> Lecture Hall - Event Logged
[2025-12-09 16:21:46] [SYSTEM] Participation_Confirmed -> Lecture Hall - Event Logged
[2025-12-09 16:22:45] [SYSTEM] Participation_Confirmed -> Lecture Hall - Event Logged
[2025-12-09 16:23:12] [SYSTEM] Participation_Confirmed -> Lecture Hall - Event Logged
[2025-12-09 16:26:09] [SYSTEM] Participation_Confirmed -> Lecture Hall - Event Logged
[2025-12-09 16:26:19] [SYSTEM] Participation_Confirmed -> Lecture Hall - Event Logged
[2025-12-09 16:26:22] [SYSTEM] Participation_Confirmed -> Lecture Hall - Event Logged
[2025-12-09 16:26:25] [SYSTEM] Participation_Confirmed -> Lecture Hall - Event Logged
[2025-12-09 16:26:31] [SYSTEM] Participation_Confirmed -> Lecture Hall - Event Logged
[2025-12-09 16:26:34] [SYSTEM] Participation_Confirmed -> Lecture Hall - Event Logged
[2025-12-09 16:26:44] [SYSTEM] Participation_Confirmed -> Lecture Hall - Event Logged
[2025-12-09 16:26:47] [SYSTEM] Participation_Confirmed -> Lecture Hall - Event Logged
[2025-12-09 16:26:50] [SYSTEM] Participation_Confirmed -> Lecture Hall - Event Logged
[2025-12-09 16:26:53] [SYSTEM] Participation_Confirmed -> Lecture Hall - Event Logged
[2025-12-09 16:27:04] [SYSTEM] Participation_Confirmed -> Lecture Hall - Event Logged
[2025-12-09 16:27:11] [SYSTEM] Participation_Confirmed -> Lecture Hall - Event Logged
